<?xml version="1.0" encoding="UTF-8"?>
<testsuite xmlns:xsi="http://www.w3.org/2001/XMLSchema-instance" xsi:noNamespaceSchemaLocation="https://maven.apache.org/surefire/maven-surefire-plugin/xsd/surefire-test-report.xsd" name="com.handong.oh318.CoderTest" time="0.155" tests="5" errors="0" skipped="0" failures="0">
  <properties>
[...]
</properties>
  <testcase name="testCreateSourceCodes" classname="com.handong.oh318.CoderTest" time="0.152"/>
  <testcase name="testSetPointsOfEdges" classname="com.handong.oh318.CoderTest" time="0.001"/>
  <testcase name="testMethods" classname="com.handong.oh318.CoderTest" time="0.001"/>
  <testcase name="testSetInheritanceAndInterface" classname="com.handong.oh318.CoderTest" time="0.001"/>
  <testcase name="testIsRange" classname="com.handong.oh318.CoderTest" time="0"/>
</testsuite>